Using pre-set license
Built from '2022.3/staging' branch; Version is '2022.3.10f1 (ff3792e53c62) revision 16725906'; Using compiler version '192829333'; Build Type 'Release'
OS: 'Windows 11  (10.0.22621) 64bit Core' Language: 'en' Physical Memory: 16242 MB
BatchMode: 1, IsHumanControllingUs: 0, StartBugReporterOnCrash: 0, Is64bit: 1, IsPro: 1

COMMAND LINE ARGUMENTS:
C:\Program Files\Unity\Hub\Editor\2022.3.10f1\Editor\Unity.exe
-adb2
-batchMode
-noUpm
-name
AssetImportWorker13
-projectPath
D:/GameOfYOu/Gameofyou
-logFile
Logs/AssetImportWorker13.log
-srvPort
64367
Successfully changed project path to: D:/GameOfYOu/Gameofyou
D:/GameOfYOu/Gameofyou
[UnityMemory] Configuration Parameters - Can be set up in boot.config
    "memorysetup-bucket-allocator-granularity=16"
    "memorysetup-bucket-allocator-bucket-count=8"
    "memorysetup-bucket-allocator-block-size=33554432"
    "memorysetup-bucket-allocator-block-count=8"
    "memorysetup-main-allocator-block-size=16777216"
    "memorysetup-thread-allocator-block-size=16777216"
    "memorysetup-gfx-main-allocator-block-size=16777216"
    "memorysetup-gfx-thread-allocator-block-size=16777216"
    "memorysetup-cache-allocator-block-size=4194304"
    "memorysetup-typetree-allocator-block-size=2097152"
    "memorysetup-profiler-bucket-allocator-granularity=16"
    "memorysetup-profiler-bucket-allocator-bucket-count=8"
    "memorysetup-profiler-bucket-allocator-block-size=33554432"
    "memorysetup-profiler-bucket-allocator-block-count=8"
    "memorysetup-profiler-allocator-block-size=16777216"
    "memorysetup-profiler-editor-allocator-block-size=1048576"
    "memorysetup-temp-allocator-size-main=16777216"
    "memorysetup-job-temp-allocator-block-size=2097152"
    "memorysetup-job-temp-allocator-block-size-background=1048576"
    "memorysetup-job-temp-allocator-reduction-small-platforms=262144"
    "memorysetup-allocator-temp-initial-block-size-main=262144"
    "memorysetup-allocator-temp-initial-block-size-worker=262144"
    "memorysetup-temp-allocator-size-background-worker=32768"
    "memorysetup-temp-allocator-size-job-worker=262144"
    "memorysetup-temp-allocator-size-preload-manager=33554432"
    "memorysetup-temp-allocator-size-nav-mesh-worker=65536"
    "memorysetup-temp-allocator-size-audio-worker=65536"
    "memorysetup-temp-allocator-size-cloud-worker=32768"
    "memorysetup-temp-allocator-size-gi-baking-worker=262144"
    "memorysetup-temp-allocator-size-gfx=262144"
Player connection [12744] Host "[IP] 192.168.56.1 [Port] 0 [Flags] 2 [Guid] 1877592888 [EditorId] 1877592888 [Version] 1048832 [Id] WindowsEditor(7,Metehan) [Debug] 1 [PackageName] WindowsEditor [ProjectName] Editor" joined multi-casting on [225.0.0.222:54997]...

Player connection [12744] Host "[IP] 192.168.56.1 [Port] 0 [Flags] 2 [Guid] 1877592888 [EditorId] 1877592888 [Version] 1048832 [Id] WindowsEditor(7,Metehan) [Debug] 1 [PackageName] WindowsEditor [ProjectName] Editor" joined alternative multi-casting on [225.0.0.222:34997]...

[Physics::Module] Initialized MultithreadedJobDispatcher with 11 workers.
Refreshing native plugins compatible for Editor in 12.56 ms, found 3 plugins.
Preloading 0 native plugins for Editor in 0.00 ms.
Initialize engine version: 2022.3.10f1 (ff3792e53c62)
[Subsystems] Discovering subsystems at path C:/Program Files/Unity/Hub/Editor/2022.3.10f1/Editor/Data/Resources/UnitySubsystems
[Subsystems] Discovering subsystems at path D:/GameOfYOu/Gameofyou/Assets
GfxDevice: creating device client; threaded=0; jobified=0
Direct3D:
    Version:  Direct3D 11.0 [level 11.1]
    Renderer: NVIDIA GeForce GTX 1650 (ID=0x1f91)
    Vendor:   NVIDIA
    VRAM:     3949 MB
    Driver:   31.0.15.3667
Initialize mono
Mono path[0] = 'C:/Program Files/Unity/Hub/Editor/2022.3.10f1/Editor/Data/Managed'
Mono path[1] = 'C:/Program Files/Unity/Hub/Editor/2022.3.10f1/Editor/Data/MonoBleedingEdge/lib/mono/unityjit-win32'
Mono config path = 'C:/Program Files/Unity/Hub/Editor/2022.3.10f1/Editor/Data/MonoBleedingEdge/etc'
Using monoOptions --debugger-agent=transport=dt_socket,embedding=1,server=y,suspend=n,address=127.0.0.1:56972
Begin MonoManager ReloadAssembly
Registering precompiled unity dll's ...
Register platform support module: C:/Program Files/Unity/Hub/Editor/2022.3.10f1/Editor/Data/PlaybackEngines/WebGLSupport/UnityEditor.WebGL.Extensions.dll
Register platform support module: C:/Program Files/Unity/Hub/Editor/2022.3.10f1/Editor/Data/PlaybackEngines/AndroidPlayer/UnityEditor.Android.Extensions.dll
Register platform support module: C:/Program Files/Unity/Hub/Editor/2022.3.10f1/Editor/Data/PlaybackEngines/WindowsStandaloneSupport/UnityEditor.WindowsStandalone.Extensions.dll
Register platform support module: C:/Program Files/Unity/Hub/Editor/2022.3.10f1/Editor/Data/PlaybackEngines/MetroSupport/UnityEditor.UWP.Extensions.dll
Registered in 0.019152 seconds.
- Loaded All Assemblies, in  0.486 seconds
Native extension for UWP target not found
Native extension for WindowsStandalone target not found
Native extension for Android target not found
Android Extension - Scanning For ADB Devices 345 ms
Native extension for WebGL target not found
Mono: successfully reloaded assembly
- Finished resetting the current domain, in  0.701 seconds
Domain Reload Profiling: 1184ms
	BeginReloadAssembly (170ms)
		ExecutionOrderSort (0ms)
		DisableScriptedObjects (0ms)
		BackupInstance (0ms)
		ReleaseScriptingObjects (0ms)
		CreateAndSetChildDomain (1ms)
	RebuildCommonClasses (44ms)
	RebuildNativeTypeToScriptingClass (13ms)
	initialDomainReloadingComplete (84ms)
	LoadAllAssembliesAndSetupDomain (171ms)
		LoadAssemblies (166ms)
		RebuildTransferFunctionScriptingTraits (0ms)
		AnalyzeDomain (168ms)
			TypeCache.Refresh (166ms)
				TypeCache.ScanAssembly (151ms)
			ScanForSourceGeneratedMonoScriptInfo (0ms)
			ResolveRequiredComponents (0ms)
	FinalizeReload (702ms)
		ReleaseScriptCaches (0ms)
		RebuildScriptCaches (0ms)
		SetupLoadedEditorAssemblies (637ms)
			LogAssemblyErrors (0ms)
			InitializePlatformSupportModulesInManaged (470ms)
			SetLoadedEditorAssemblies (5ms)
			RefreshPlugins (0ms)
			BeforeProcessingInitializeOnLoad (2ms)
			ProcessInitializeOnLoadAttributes (108ms)
			ProcessInitializeOnLoadMethodAttributes (52ms)
			AfterProcessingInitializeOnLoad (0ms)
			EditorAssembliesLoaded (0ms)
		ExecutionOrderSort2 (0ms)
		AwakeInstancesAfterBackupRestoration (0ms)
========================================================================
Worker process is ready to serve import requests
Begin MonoManager ReloadAssembly
- Loaded All Assemblies, in  0.896 seconds
Refreshing native plugins compatible for Editor in 2.68 ms, found 3 plugins.
Native extension for UWP target not found
Native extension for WindowsStandalone target not found
Native extension for Android target not found
Native extension for WebGL target not found
Package Manager log level set to [2]
[Package Manager] Server::EnsureServerProcessIsRunning -- launch failed, reason: Unity was launched with the -noUpm command-line argument
[Package Manager] UpmClient::Send -- Unable to send message (not connected to UPM process).
[Package Manager] Cannot connect to Unity Package Manager local server
Mono: successfully reloaded assembly
- Finished resetting the current domain, in  0.880 seconds
Domain Reload Profiling: 1771ms
	BeginReloadAssembly (165ms)
		ExecutionOrderSort (0ms)
		DisableScriptedObjects (6ms)
		BackupInstance (0ms)
		ReleaseScriptingObjects (0ms)
		CreateAndSetChildDomain (23ms)
	RebuildCommonClasses (38ms)
	RebuildNativeTypeToScriptingClass (13ms)
	initialDomainReloadingComplete (49ms)
	LoadAllAssembliesAndSetupDomain (626ms)
		LoadAssemblies (393ms)
		RebuildTransferFunctionScriptingTraits (0ms)
		AnalyzeDomain (330ms)
			TypeCache.Refresh (282ms)
				TypeCache.ScanAssembly (253ms)
			ScanForSourceGeneratedMonoScriptInfo (34ms)
			ResolveRequiredComponents (13ms)
	FinalizeReload (880ms)
		ReleaseScriptCaches (0ms)
		RebuildScriptCaches (0ms)
		SetupLoadedEditorAssemblies (675ms)
			LogAssemblyErrors (0ms)
			InitializePlatformSupportModulesInManaged (37ms)
			SetLoadedEditorAssemblies (7ms)
			RefreshPlugins (0ms)
			BeforeProcessingInitializeOnLoad (106ms)
			ProcessInitializeOnLoadAttributes (441ms)
			ProcessInitializeOnLoadMethodAttributes (72ms)
			AfterProcessingInitializeOnLoad (11ms)
			EditorAssembliesLoaded (0ms)
		ExecutionOrderSort2 (0ms)
		AwakeInstancesAfterBackupRestoration (9ms)
Launched and connected shader compiler UnityShaderCompiler.exe after 0.06 seconds
Refreshing native plugins compatible for Editor in 2.67 ms, found 3 plugins.
Preloading 0 native plugins for Editor in 0.00 ms.
Unloading 6235 Unused Serialized files (Serialized files now loaded: 0)
Unloading 94 unused Assets / (0.8 MB). Loaded Objects now: 6697.
Memory consumption went from 228.3 MB to 227.5 MB.
Total: 4.995000 ms (FindLiveObjects: 0.461700 ms CreateObjectMapping: 0.447500 ms MarkObjects: 3.726100 ms  DeleteObjects: 0.358600 ms)

AssetImportParameters requested are different than current active one (requested -> active):
  custom:scripting/monoscript/fileName/uint3x3.gen.cs: 46f89d8a7f81b6035a7e26991fbc72e8 -> b354ea0e62ee3ca695eba400f73bf8a2
  custom:scripting/monoscript/fileName/StandardMaterialExport.cs: 592ef7ee80af89dc27f9475aeba8ff99 -> 
  custom:scripting/monoscript/fileName/MaterialTransmission.cs: d420990723615d4dd1898a0acc1ba9db -> 
  custom:scripting/monoscript/fileName/GameObjectInstantiator.cs: ec54409074271468670cb43e29b2482a -> 
  custom:scripting/monoscript/fileName/AnimationUtils.cs: 8f6f25f941ebb934700581795257c3be -> 
  custom:scripting/monoscript/fileName/Image.cs: 6de57a38a15ba12fcae94a37a624e92b -> f32195bbbc1ca9edcb6c8c6185597e40
  custom:scripting/monoscript/fileName/RootExtensions.cs: 3bfb9bc127f2bb15d1f828f9b976761d -> 
  custom:scripting/monoscript/fileName/affine_transform.cs: ea7249476585feff13aa54bd2ccb69b0 -> 
  custom:scripting/monoscript/fileName/uint4x4.gen.cs: 4b02c6eee0f00ce1a388bc44dd5ccc7c -> 7732c53bd697b7eb03dd735297da0fc1
  custom:container-demuxer-ogg: 62fdf1f143b41e24485cea50d1cbac27 -> 
  custom:scripting/monoscript/fileName/IMaterialGenerator.cs: 234fd68547b0fa280ed333d0ebfbc1af -> 
  custom:scripting/monoscript/fileName/RootExtension.cs: c1c9761dce6316305d9d3be37530fa5d -> 
  custom:scripting/monoscript/fileName/IDownload.cs: 363e01430c8bf195a7afc12a5e0ded4e -> 
  custom:scripting/monoscript/fileName/PbrSpecularGlossiness.cs: 958049b6761c14eb98a23d0f14089167 -> 
  custom:scripting/monoscript/fileName/bool4.gen.cs: 89d5db5b25176f8ce2b31291a8fcf567 -> ca7c0171e1585aef1c2900b66db0977a
  custom:scripting/monoscript/fileName/MaterialExport.cs: ac1fba8dc00b594b8cb81d227f6e6139 -> 
  custom:scripting/monoscript/fileName/float4x3.gen.cs: 5e75d4a49b27c7bfdc5d24ca328726c6 -> 82da2e74a1c9948cc673acd7425c23e5
  custom:scripting/monoscript/fileName/float3x4.gen.cs: e028949e7cd389a54d6b8ef7c0e4a804 -> f425eda36f0a9a6a9785ce693ab31c65
  custom:scripting/monoscript/fileName/math_unity_conversion.cs: a14c20536b1fc0611d8629220aec8be2 -> 717272b42fdbca1935830b3071b2da3c
  custom:framework-win-MediaFoundation: 216162199b28c13a410421893ffa2e32 -> 
  custom:scripting/monoscript/fileName/DontDestroyOnLoad.cs: 5e5f30246f7d631a6cbf89148a933314 -> 
  custom:scripting/monoscript/fileName/BuiltInMaterialGenerator.cs: 7d57361bb2fd5da6bf796e652fca4420 -> 
  custom:scripting/monoscript/fileName/MaterialUnlit.cs: a980dda70a436c6881ceb111c9e49ec1 -> 
  custom:scripting/monoscript/fileName/bool3x2.gen.cs: 7f2024bb8e107c3b85f93e6847f677c0 -> 6ad67e842e9f001f4905675e041c0394
  custom:scripting/monoscript/fileName/half2.gen.cs: 7816131b273dfbe62c7a27c74161c262 -> a6f90a50ab057fcfbb93f80dff9467ec
  custom:scripting/monoscript/fileName/DefaultDeferAgent.cs: 9c605a9b5f73986dbcbdc3cac9a26e33 -> 
  custom:scripting/monoscript/fileName/ImportAddonRegistry.cs: e5567f695f33f863e006b4d774c2afef -> 
  custom:scripting/monoscript/fileName/noise3Dgrad.cs: 910f0614e94a5348f941ea0d56b2c568 -> 2eb29bf877494e27d7b8d68303a33727
  custom:scripting/monoscript/fileName/bool4x2.gen.cs: 586d6e84a82661c406c0747e29931ce1 -> 5e92d30f937bc7e4e4a07b2b81c06b27
  custom:scripting/monoscript/fileName/Plane.cs: c32fcb4d635f10949ba9a2b53f7d21ec -> 69547098044c0683a5ff9d9b8674a0ba
  custom:scripting/monoscript/fileName/AnimationChannelTarget.cs: d82c96bde816c23f8c496ff09b0db384 -> 
  custom:scripting/monoscript/fileName/MinMaxAABB.cs: 99b6b3f339a5e250751ae4f780607d7a -> 87e440667b74c17b186d7505988d93e6
  custom:scripting/monoscript/fileName/double2x2.gen.cs: 1175e86c851890dc199d0e88708ffccb -> 1b24b88380b01d73274245c8a3f891ca
  custom:scripting/monoscript/fileName/GltfJsonUtilityParser.cs: 9fcccf57363e003fdce67a9adf4a9126 -> 
  custom:scripting/monoscript/fileName/ExportSettings.cs: eab93109997cde3485aadfc966ecb3a3 -> 
  custom:scripting/monoscript/fileName/classicnoise4D.cs: 910f0614e94a5348f941ea0d56b2c568 -> 2eb29bf877494e27d7b8d68303a33727
  custom:scripting/monoscript/fileName/int4x3.gen.cs: 67f76716aed15a7705ce52ae92c6a128 -> 8504016f71ab8b36158b7cb8a5461a8b
  custom:scripting/monoscript/fileName/classicnoise2D.cs: 910f0614e94a5348f941ea0d56b2c568 -> 2eb29bf877494e27d7b8d68303a33727
  custom:scripting/monoscript/fileName/EditorDownloadProvider.cs: 9b266643f8f849c165491a51541247d1 -> 
  custom:scripting/monoscript/fileName/matrix.gen.cs: 1fc7e9a9978c6bc6327a2ef3562b3b82 -> 8040951fec6b586df3a34908a47f7536
  custom:scripting/monoscript/fileName/OcclusionTextureInfo.cs: b345f78bca8e668b903dc3302215ca28 -> 
  custom:scripting/monoscript/fileName/PostNormalizedVectorDrawer.cs: bcc5a130e288cb1ea7e6214244bd90aa -> 1e9cc5a1d5ea64a4691d9edff2f31467
  custom:scripting/monoscript/fileName/TextureDownload.cs: ff5cc8f553522c6fcdddf4bef3f20871 -> 
  custom:scripting/monoscript/fileName/int2x4.gen.cs: 19df88eae659245962107924a4f8beb4 -> 5edaa4c8e18b723d836f4e66d7a2ad24
  custom:scripting/monoscript/fileName/VertexBufferBones.cs: ad4e66a969e11406454d8d6f60beb511 -> 
  custom:scripting/monoscript/fileName/double2.gen.cs: 6d6f846a6947f4edc6c86aae983cab7a -> 9fcc709faf542a3c28101e289489d3c3
  custom:scripting/monoscript/fileName/bool2x2.gen.cs: 9f5ba9e667296230e5a7dd8098d86f1e -> 4649c574bdda23c59b5d49d1b662bc61
  custom:scripting/monoscript/fileName/uint3x2.gen.cs: cb5adb59636d29fe64c2a59690629fe9 -> e9ed99b7eae876425b9236af5d545e3a
  custom:scripting/monoscript/fileName/UriHelper.cs: 98493bb4996c3c173e0f1ee68c8a398a -> 
  custom:scripting/monoscript/fileName/NodeExtension.cs: 97d61e5844138f7bddda97b4e80d6282 -> 
  custom:scripting/monoscript/fileName/uint3.gen.cs: 07250d494d70da63323c03829a109a7b -> 2439c557987b3f1dafd36143ddfb8c40
  custom:scripting/monoscript/fileName/double4x4.gen.cs: c712f0479a2da80505c5f34004582140 -> d67599d4a9300cb241e4695cd70324ae
  custom:scripting/monoscript/fileName/InstantiationSettingsEditor.cs: 50c6ee2b1b46c1979d20674c446c7975 -> 
  custom:scripting/monoscript/fileName/Scene.cs: df5894b4a68cc6ade43d49fc1fc5649f -> 
  custom:scripting/monoscript/fileName/BufferViewExtensions.cs: c5296806d991d89868ffc3e496a98d65 -> 
  custom:container-muxer-webm: aa71ff27fc2769a1b78a27578f13a17b -> 
  custom:video-decoder-webm-vp8: 9c59270c3fd7afecdb556c50c9e8de78 -> 
  custom:scripting/monoscript/fileName/IGltfWritable.cs: 8a0740fe3782416855214c9ea9f11bfa -> 
  custom:scripting/monoscript/fileName/float3.gen.cs: d2a3af208755cfe0205a5add4cbf782b -> 61e461104f30d07064c299c5ac2c9a3e
  custom:scripting/monoscript/fileName/Asset.cs: 35bb531bba839767c7950f0f3c95c59b -> 
  custom:scripting/monoscript/fileName/OnScriptsReloadHandler.cs: 1e2293ea2f06a3b4c41947088aa8bd7c -> 
  custom:scripting/monoscript/fileName/PrimitiveCreateContextBase.cs: 0d1f44d595052ce4af3b1d286a51a560 -> 
  custom:scripting/monoscript/fileName/BufferView.cs: ee6094440ad864289a6a3004f6f0c461 -> 
  custom:scripting/monoscript/fileName/int3x3.gen.cs: 8da9d8d1067461c55dbf4fa0f6b692cf -> dc1405f0f1704a2ec1efb4946b5d5f85
  custom:scripting/monoscript/fileName/int4x4.gen.cs: 0e76084ebee4c8312f336ff84d58a04c -> e1c5029dddb71a1513ebdf470db7528e
  custom:SearchIndexIgnoredProperties: e643bd26f0fe6173181afceb89e7c659 -> 
  custom:scripting/monoscript/fileName/bool4x3.gen.cs: fe90c06e5cec5b26385f16e64919351e -> 3b9b4adbcec8eec926ee3ca5bd1a9e49
  custom:AudioImporter_EditorPlatform: d09bf68614088b80899f8185d706f6e7 -> 
  custom:scripting/monoscript/fileName/TextureInfoExtensions.cs: 13212a97b29aeae444ed5ced329ae373 -> 
  custom:scripting/monoscript/fileName/LightsPunctual.cs: cfd0af635a6d46675e06ceaf40711ea2 -> 
  custom:scripting/monoscript/fileName/uint4x3.gen.cs: 5c842eaf04659601d64e86e873d2dc4b -> b01c5cd7a56bd5c67682617427bf7881
  custom:scripting/monoscript/fileName/VertexBufferTexCoords.cs: e2ed79b109aa14002be36eb5c8d180fa -> 
  custom:scripting/monoscript/fileName/TimeBudgetPerFrameDeferAgent.cs: 59420c6531406a5e69f109a7d6f7aa69 -> 
  custom:scripting/monoscript/fileName/bool3.gen.cs: f73cc99fcfd3d7b311d94017869f72e0 -> 5af2629b3ff9dbb3bbfcc70064a35529
  custom:scripting/monoscript/fileName/uint4x2.gen.cs: e8b292c670996f99dc647f630b2d028d -> b7591412c0d582e5dffe67f85a90dd0a
  custom:scripting/monoscript/fileName/float4.gen.cs: a5929fc9c81f37a217f61110104af506 -> b782c632ec38515e69077afe722e950b
  custom:scripting/monoscript/fileName/uint3x4.gen.cs: 810549df666bfc264109dae029c3ad17 -> 85b37160b72ca5d09aa390a0ed4ac5d3
  custom:scripting/monoscript/fileName/VertexBufferConfigBase.cs: d0257aca4c5254511ebc207b29019887 -> 
  custom:scripting/monoscript/fileName/IMaterialExport.cs: eb33256bc45a98e1d4084eb95eabfb8b -> 
  custom:scripting/monoscript/fileName/EditorImportSettings.cs: d4c6f73f62158af9fb75c9c2dc22825c -> 
  custom:scripting/monoscript/fileName/NodeLightsPunctual.cs: 7482b05474e49eaa3bd5009ba594d304 -> 
  custom:scripting/monoscript/fileName/StreamExtension.cs: 9249d5cfad55e2af362ff3c7ecab3eaa -> 
  custom:scripting/monoscript/fileName/GltfAssetBase.cs: 5a7854b8bdd3bbee28b24f4c2fd48d1d -> 
  custom:scripting/monoscript/fileName/PrimitiveCreateContext.cs: 8f10ed56e6f0f31bb5549dd4ca179fb4 -> 
  custom:scripting/monoscript/fileName/ShaderGraphGUI.cs: 91fd2c53908a9d4dca0caac608f0a510 -> 
  custom:scripting/monoscript/fileName/uint2.gen.cs: 16c687047be4a3d9d18671b7f1514a8d -> f442e48493395c3c057fa324c1ed7700
  custom:scripting/monoscript/fileName/cellular2x2x2.cs: 910f0614e94a5348f941ea0d56b2c568 -> 2eb29bf877494e27d7b8d68303a33727
  custom:scripting/monoscript/fileName/matrix.cs: 3c89deedfaaffcc017fba2cf913f12ee -> 17bd875ecbf69296bc7f1415237b5bf7
  custom:scripting/monoscript/fileName/cellular3D.cs: 910f0614e94a5348f941ea0d56b2c568 -> 2eb29bf877494e27d7b8d68303a33727
  custom:scripting/monoscript/fileName/bool3x4.gen.cs: 42c7ba8bd569aafe7a1ccd38b69ca362 -> dd64119ecce8747c9d345fc62ed63bff
  custom:audio-decoder-ogg-vorbis: bf7c407c2cedff20999df2af8eb42d56 -> 
  custom:scripting/monoscript/fileName/int2x3.gen.cs: 19a71af308909120a7ea6452646e4208 -> 377af658550da76bc0efa7c5a755eb90
  custom:scripting/monoscript/fileName/GltfAsset.cs: 9ed50c0abb2ae10e773877a7e88a7865 -> 
  custom:scripting/monoscript/fileName/CustomHeaderDownloadProvider.cs: fb049e1199740e51b870584d0a7b01fc -> 
  custom:scripting/monoscript/fileName/CollectingLogger.cs: b9af2399d0450dde59c68ed15bcecb17 -> 
  custom:scripting/monoscript/fileName/MaterialSheen.cs: 7955488dc87635b50681eabfc827a307 -> 
  custom:scripting/monoscript/fileName/GltfWriter.cs: 98e60ad1627564ffdc9e6646313d4670 -> 
  custom:scripting/monoscript/fileName/SpotLight.cs: e227f39b3ab57e6b59c680a013431919 -> 
  custom:scripting/monoscript/fileName/GltfBoundsAsset.cs: 2b74840d299e7959da9ff7911af818d7 -> 
  custom:scripting/monoscript/fileName/int3x4.gen.cs: a41355fd8e3f2df0223626fb4f0b3908 -> 8460bfcadb3ac350c26daa6b9595294c
  custom:scripting/monoscript/fileName/psrdnoise2D.cs: 910f0614e94a5348f941ea0d56b2c568 -> 2eb29bf877494e27d7b8d68303a33727
  custom:scripting/monoscript/fileName/VertexBufferColors.cs: bd35d9562d4dcd12b4ea7fa4d9e09c08 -> 
  custom:scripting/monoscript/fileName/MeshGpuInstancing.cs: bb1b6dad3adb23e6dfce9503cf072df8 -> 
  custom:scripting/monoscript/fileName/GameObjectExport.cs: 60a01934e86ce4859ca1af6202ef19cd -> 
  custom:scripting/monoscript/fileName/QuaternionDrawer.cs: 3e16f8b999b15ff8f3cb65c56d92372c -> 11323f18a038f5e869f0b55e53c54a31
  custom:scripting/monoscript/fileName/Skin.cs: 58d4db5f55b42eaf34f355415cdd41b8 -> 55d4d481e9ab9f16daef51d78446a5e0
  custom:audio-encoder-webm-vorbis: bf7c407c2cedff20999df2af8eb42d56 -> 
  custom:scripting/monoscript/fileName/ConsoleLogger.cs: c8f9af3c4855974e7aef96b16abf133a -> 
  custom:scripting/monoscript/fileName/Constants.cs: 5e19a32b82bd1f625ff19d335d68350e -> 
  custom:scripting/monoscript/fileName/MaterialExtensions.cs: 72dba751190fcf55b52ef70b0ef9e53b -> 1daa7ca48937912d5c7b03640a65b61a
  custom:scripting/monoscript/fileName/IGltfReadable.cs: abe4512c94cf3943a622f7dc4b3559ac -> 
  custom:scripting/monoscript/fileName/NormalImageExport.cs: fb6b6997677927812a129506d5252ba9 -> 
  custom:scripting/monoscript/fileName/GameObjectSceneInstance.cs: 2727177b21346c85bffd447d1d6f0d0b -> 
  custom:scripting/monoscript/fileName/AsyncHelpers.cs: 4525547bc05eb6cead8612a9f6acf9c6 -> 
  custom:scripting/monoscript/fileName/Buffer.cs: 118f1fc388c6f471c11b170ced777143 -> 
  custom:scripting/monoscript/fileName/double4.gen.cs: b43680ff2b317f0fe763ec2a9290cc4d -> c861322ff5ab8c01e3e4b508791cf124
  custom:scripting/monoscript/fileName/rigid_transform.cs: d545dec909ae361cd40bcedcc9499d93 -> 36bbdd985ffacdf5ee0745cfd3a1f08d
  custom:scripting/monoscript/fileName/PropertyAttributes.cs: 06c93b729a6fbfd605aedc09fb6acd2e -> f9be6ff8022c2b7e9364b782f234d192
  custom:scripting/monoscript/fileName/MeshResult.cs: 87e7b4b85f5e2af1578d2c10e856c3f2 -> 
  custom:scripting/monoscript/fileName/OrmImageExport.cs: b7834502e6f517e58a1fb2080088f06e -> 
  custom:scripting/monoscript/fileName/int2.gen.cs: 7d7139da21249719b860c4fd6fa5b14f -> ba08380188673eb89fbe6c63125635e5
  custom:scripting/monoscript/fileName/int4.gen.cs: 6fd7c2be80cf8c29505f41dfd239b1ae -> 6202c51352f8408238811f81cf17884b
  custom:scripting/monoscript/fileName/AccessorSparse.cs: 0ef974a5f7f41555e09565401561fdef -> 
  custom:scripting/monoscript/fileName/IGltfBuffers.cs: 2c53990cec1c20f01b88877e7893f7a5 -> 
  custom:scripting/monoscript/fileName/noise3D.cs: 910f0614e94a5348f941ea0d56b2c568 -> 2eb29bf877494e27d7b8d68303a33727
  custom:scripting/monoscript/fileName/MaterialExportBase.cs: cce05ee43b746e0bd162fb41779b88b9 -> 
  custom:scripting/monoscript/fileName/ImportAddonInstance.cs: 20591bd4de3974083eeaf32e31aa1483 -> 
  custom:scripting/monoscript/fileName/float4x2.gen.cs: 05588d3fca2e28a31b6264c026dcf338 -> a70cf4e9d29e9357ba0e68d3ee43ce34
  custom:scripting/monoscript/fileName/Material.cs: 7bb910b8d6ec171ec4a8320af00867b8 -> 
  custom:scripting/monoscript/fileName/AnimationSampler.cs: 0ae8155a0eac3b4c4e00f4f239661504 -> 
  custom:scripting/monoscript/fileName/LogMessages.cs: ffe5bf8d3d1782afddd40c7e07fb5259 -> 
  custom:scripting/monoscript/fileName/DefaultDownloadProvider.cs: 4470230d4ba7d71af061e4b88b944eae -> 
  custom:video-codec-MediaFoundation-h265: 746d11721c4dcdbdad8f713fa42b33f4 -> 
  custom:scripting/monoscript/fileName/Root.cs: 6160a0d32e89499b0f0867070aaaae93 -> 
  custom:scripting/monoscript/fileName/half3.gen.cs: 5d046df99f0d37f450cb3ea068ad7762 -> 935b3c49f9c5126f28352e4a48406e0a
  custom:scripting/monoscript/fileName/UniveralRPMaterialGenerator.cs: daaf0a8af77049e0bfc98bb3f0ef02c7 -> 
  custom:scripting/monoscript/fileName/uint2x4.gen.cs: 3caae4a623bddfadce4b73c36541ab39 -> 817d68c720fa6aa9b67a61d7c1b206d0
  custom:video-decoder-ogg-theora: a1e56fd34408186e4bbccfd4996cb3dc -> 
  custom:scripting/monoscript/fileName/svd.cs: 348beec2ecc2e2db545a80433e4107e2 -> 
  custom:scripting/monoscript/fileName/GltfImport.cs: 0a96f6ee9dba71638c4dd211e14d3360 -> 
  custom:scripting/monoscript/fileName/bool4x4.gen.cs: 50a6831c58ef3836ae8715535acd4a4c -> 832d1ba72f52e457d65ecd6ca1ba2b2e
  custom:scripting/monoscript/fileName/double3x3.gen.cs: a1e2af8139fc0e717165cdc2c522e14d -> cf2bca4cc9e8b93d47929417a1a999f7
  custom:scripting/monoscript/fileName/MaterialExtension.cs: a080f2b1012a6ffa3e74ffbdf6765fa4 -> 
  custom:scripting/monoscript/fileName/double3x2.gen.cs: 46c3fc0f20bf244200b61fe88bd5c16a -> 87fbe5b4a5a90e3c915d83933bb7a691
  custom:scripting/monoscript/fileName/MaterialClearCoat.cs: ee2b407ed9762b30ff4fc1f08c7d3eee -> 
  custom:scripting/monoscript/fileName/UninterruptedDeferAgent.cs: 1b5f0a782331cebabfedf274950cd759 -> 
  custom:scripting/monoscript/fileName/Il2CppEagerStaticClassConstructionAttribute.cs: bfb9943dc4234f8038240348dd8c0237 -> 5ae90a36296d2fe83dd98e9361e907e8
  custom:scripting/monoscript/fileName/cellular2x2.cs: 910f0614e94a5348f941ea0d56b2c568 -> 2eb29bf877494e27d7b8d68303a33727
  custom:scripting/monoscript/fileName/half.cs: d66ca18b1c3237e0e12e183e1878dc38 -> cf3f2b0bcee127ccdac6d87167bcc406
  custom:scripting/monoscript/fileName/RenderPipelineUtils.cs: 427390c97cce8e55ec0815f51454c0a8 -> 
  custom:scripting/monoscript/fileName/GltfAssetEditor.cs: acedfe1a6930a3043e648d8b0c3334a3 -> 
  custom:scripting/monoscript/fileName/Utils.cs: b0d239c0cd25fc791311a0d2d9fece49 -> 38efaa10a2cec4e71a9eaf567c91a8a5
  custom:scripting/monoscript/fileName/InstantiationSettings.cs: e3c010e0ef7b92131158a998eac1826b -> 
  custom:scripting/monoscript/fileName/AccessorData.cs: a2be1bc50d8474cbeac7acd8f043bf0a -> 
  custom:scripting/monoscript/fileName/GlbBinChunk.cs: 46f6df09c8518e3dd8d00612851aee14 -> 
  custom:scripting/monoscript/fileName/classicnoise3D.cs: 910f0614e94a5348f941ea0d56b2c568 -> 2eb29bf877494e27d7b8d68303a33727
  custom:CustomObjectIndexerAttribute: a3ef5dd2817f97addfee359851a9dba5 -> 
  custom:scripting/monoscript/fileName/LightPunctual.cs: 26f87fe627099f3da1ea9a5bc33f3144 -> 
  custom:scripting/monoscript/fileName/GltfCamera.cs: 431a288fdf64132f89fa273a3e91a45b -> 
  custom:scripting/monoscript/fileName/float2x2.gen.cs: 43554c150c14083eb2313acaa2e78aeb -> f203c6ed52cbda2033cd1859a76ab02f
  custom:scripting/monoscript/fileName/GameObjectExportSettings.cs: 105f6e04b8ab4e029fb4f88c7d63e3fe -> 
  custom:container-demuxer-webm: 4f35f7cbe854078d1ac9338744f61a02 -> 
  custom:scripting/monoscript/fileName/bool2x4.gen.cs: 43766066d40cfe4ff0038faa3bf06406 -> 0202187d1d97b3838c3acec749a94370
  custom:scripting/monoscript/fileName/ImageExportBase.cs: 1554f4deec7d14c77c3f8ed9369c4eb9 -> 
  custom:scripting/monoscript/fileName/uint2x3.gen.cs: a0bafa71da357e9ffdf41329e0e0b8ab -> dc149d5147f76ef2e3b7b3e87df71cde
  custom:scripting/monoscript/fileName/TextureExtensions.cs: 376631ba86e3a086a389a9266d82b2ad -> 89be38d29fb8ccffdf7a2c19dbaea495
  custom:scripting/monoscript/fileName/MatrixDrawer.cs: 8db100ecc54d49584518b132374bd945 -> 54f407ec7134aa445531b0da7f5e0ded
  custom:scripting/monoscript/fileName/float2x4.gen.cs: 14bf825e2338394967d25657f23195c2 -> 8f6e3792d53a47d3e0816efd26cbabde
  custom:scripting/monoscript/fileName/NamedObject.cs: f95dd6116e83a85880127f78ac2b85e9 -> 
  custom:scripting/monoscript/fileName/TextureTransform.cs: ddd1ca74cf7332338333c397120703dd -> b259294afb6c63d3b4324a85b9198221
  custom:scripting/monoscript/fileName/ImportAddon.cs: fbf06aef3d5c027051df88fa49f51c16 -> 
  custom:scripting/monoscript/fileName/GltfAnimation.cs: 4b03e3f2ada54b750a99c35640c5be2a -> 
  custom:scripting/monoscript/fileName/IDeferAgent.cs: c8758c5cbe5e66c1190e8ac0a7c3be24 -> 
  custom:scripting/monoscript/fileName/Accessor.cs: 11153b8aeb78671bdf00cf73a469dc71 -> 
  custom:scripting/monoscript/fileName/MaterialGenerator.cs: 7a1e84e4f59380e7e5239b3ef4c25b3a -> 
  custom:scripting/monoscript/fileName/MeshMaterialCombination.cs: 0953e3d2825874483cd91d5315248f04 -> 
  custom:scripting/monoscript/fileName/int2x2.gen.cs: b89550457ed493745cf779e29d833419 -> 63739a46f5092b211c341383068e9d3a
  custom:scripting/monoscript/fileName/ShaderGUIBase.cs: 7fb39a11e3e3d1eedd0f03177615d302 -> 
  custom:scripting/monoscript/fileName/bool2x3.gen.cs: a73639df76ec913064f3ac91f58b98c5 -> c45708c9bd53a8b7f658164314a10c61
  custom:scripting/monoscript/fileName/AccessorSparseValues.cs: 98fd559e774579349dabfd3f54b591dc -> 
  custom:scripting/monoscript/fileName/Extensions.cs: 2f0c9f84c7a9b8d3dd04cd0b492d0472 -> 
  custom:scripting/monoscript/fileName/MaterialPbrMetallicRoughness.cs: a9de34389ee8a9b91d27426e5454bf6a -> 
  custom:scripting/monoscript/fileName/math.cs: 84897ebc80325b58465d1a856e47c89e -> 3e1f77dfafdda862ef1fdae58189cdb5
  custom:scripting/monoscript/fileName/double4x3.gen.cs: d5e192211e239db73c016b47e641c333 -> 0f480b77cbe2235a6a07fec4a8104303
  custom:scripting/monoscript/fileName/int3.gen.cs: 9e9f576d507fb3936c89b523e378eb23 -> f3e7aece5ea81aaaacfae8f3b0dbf645
  custom:scripting/monoscript/fileName/quaternion.cs: 7189ca19bff9611f6da0aa0a9c59bf0b -> 0762c6482396ed4f34408952c0956647
  custom:scripting/monoscript/fileName/float4x4.gen.cs: cccf3207dd639016e8d0fc5b940ce646 -> a5bb36679a244217e37dd9fb5d3d2ed4
  custom:scripting/monoscript/fileName/double3x4.gen.cs: d966fefecbb21e1878e781b6e6eb9bc1 -> d3f6959e28d6480d7d5313a2c890e5a1
  custom:scripting/monoscript/fileName/half4.gen.cs: 0f1fcad15aa401d00bc4590770c4f62b -> abea9356568c8480c38dd790db58969d
  custom:scripting/monoscript/fileName/ImageExport.cs: 1194f3416e2a5e5c133b7e4f04b26bfe -> 
  custom:scripting/monoscript/fileName/ExportJobs.cs: 7dd5b3a3f2729a39b153a4a2bbeb05b1 -> 
  custom:scripting/monoscript/fileName/noise2D.cs: 910f0614e94a5348f941ea0d56b2c568 -> 2eb29bf877494e27d7b8d68303a33727
  custom:scripting/monoscript/fileName/IInstantiator.cs: f419a39dd0c345c63f46c3866387bc9d -> 
  custom:scripting/monoscript/fileName/AnimationChannel.cs: c0454fc9d3f9ba19f2fb78ee78cd9eac -> 
  custom:scripting/monoscript/fileName/bool2.gen.cs: 861fe78322050118fc595dc4284cae94 -> 26e96b66e2dc8fbd46eb4ce6284c510a
  custom:scripting/monoscript/fileName/GltfImporterEditor.cs: b8533bb5c5c506f0709f046574886b5e -> 
  custom:scripting/monoscript/fileName/GltfGlobals.cs: 9c51f72cbfa79f6cf9ae5b19d892dddc -> 
  custom:scripting/monoscript/fileName/VertexBufferConfig.cs: 90647cc400823b41df847a6cbfc29026 -> 
  custom:scripting/monoscript/fileName/int3x2.gen.cs: 3102a78c1d8b0f67c6797c0bf649d991 -> 3713def57441460b7d8181bf2ebb068b
  custom:scripting/monoscript/fileName/random.cs: 9095e89a9c9a9233dfc5faa4dc75c33b -> 773187f16d25a3763332e4d0e08067fb
  custom:scripting/monoscript/fileName/ImportSettings.cs: dfcf42ac5db08e82f6fa467d53182cf4 -> 
  custom:scripting/monoscript/fileName/ICodeLogger.cs: ad7cc465ac755f2f9d5fc784e4b6b805 -> 
  custom:scripting/monoscript/fileName/float3x2.gen.cs: 545e8762f0e28e5bb1be1c472fa039dd -> c82cdc670988a624afef0b4a59da9960
  custom:scripting/monoscript/fileName/MeshPrimitive.cs: d8b26fd7797faa0c09bf94a77ada8f5c -> 
  custom:scripting/monoscript/fileName/int4x2.gen.cs: 06de189ab87954f032d6395001af7bcc -> 03019ae5b6ae2c22f6bcc41f109a6f3f
  custom:scripting/monoscript/fileName/GltfAssetDependency.cs: 173b9677138bbbca51daf5b3ac4c07ff -> 
  custom:scripting/monoscript/fileName/double3.gen.cs: 5154079fb312071cf35601a361004703 -> 377c7acd7948bf71aea5d8cf8236ee9b
  custom:scripting/monoscript/fileName/ImportSettingsEditor.cs: 20dc7c601773ea74daa9a51c42b21b12 -> 
  custom:scripting/monoscript/fileName/JsonWriter.cs: e669f18227240565fd9507d4de2ef387 -> 
  custom:scripting/monoscript/fileName/float2x3.gen.cs: f18325e6146a706cc21256589a35acb7 -> dd8be2164b904b64628efafb474868f4
  custom:scripting/monoscript/fileName/GltfImporter.cs: cd0df3a4b143db354b91c2bd7aa48a7d -> 
  custom:video-encoder-webm-vp8: eb34c28f22e8b96e1ab97ce403110664 -> 
  custom:scripting/monoscript/fileName/VertexStructs.cs: ae1f404b9426d3af36c9ddabf997777b -> 
  custom:scripting/monoscript/fileName/GameObjectBoundsInstantiator.cs: 3b941340e3bff4274f54494bae188b28 -> 
  custom:scripting/monoscript/fileName/ImageCreateContext.cs: abcabfbedd7b6ce64ca993edb5e3f690 -> 
  custom:scripting/monoscript/fileName/SamplerKey.cs: 8c126b8c331dc4430cf4497c3c1b89e0 -> 
  custom:scripting/monoscript/fileName/MorphTargetContext.cs: 3bb6db0753bd4b90afbcf8be20e41cd7 -> 
  custom:scripting/monoscript/fileName/TextureInfo.cs: 9107e76fc44fc536d1935cd5b2a1c6fb -> 
  custom:scripting/monoscript/fileName/double2x4.gen.cs: a9aedae31eab942a01dd81f5ba23ebf4 -> 685c5fa921181be1c5c2624181389ad3
  custom:scripting/monoscript/fileName/Jobs.cs: e834231fc98840f565c51ea84f3e8427 -> 
  custom:scripting/monoscript/fileName/IBufferView.cs: c7f4444515f72836b4975d920ed20647 -> 
  custom:scripting/monoscript/fileName/uint4.gen.cs: 51a7f5c759ac89d78a4704a138bbec45 -> 39973cd09553f87c6828ba478621c98d
  custom:scripting/monoscript/fileName/cellular2D.cs: 910f0614e94a5348f941ea0d56b2c568 -> 2eb29bf877494e27d7b8d68303a33727
  custom:scripting/monoscript/fileName/double2x3.gen.cs: ac0d6fc940b41f658b24853cf23739e5 -> 2fbeb18c538397a8260f5c41cab0741e
  custom:scripting/monoscript/fileName/Mathematics.cs: 96564f777d893219579f7cd1fafa7e92 -> 
  custom:scripting/monoscript/fileName/DracoExportSettings.cs: a65c16d08cd77d14b9decb8f9315341e -> 
  custom:scripting/monoscript/fileName/noise4D.cs: 910f0614e94a5348f941ea0d56b2c568 -> 2eb29bf877494e27d7b8d68303a33727
  custom:scripting/monoscript/fileName/ShaderGraphMaterialGenerator.cs: 7efa27878b512e5a6909bc56e5565d95 -> 
  custom:scripting/monoscript/fileName/UninterruptedDefaultDeferAgent.cs: 7db7e6ab13629c614ccdddbd539069da -> 
  custom:scripting/monoscript/fileName/Mesh.cs: 7798a16f2ff6f17c8047a860897fe289 -> 69554bf9911e67120ba548a118ae0051
  custom:scripting/monoscript/fileName/LightPunctualExtension.cs: de1fc4d7452178fa7eb8147591d8cbf0 -> 
  custom:scripting/monoscript/fileName/AccessorSparseIndices.cs: 485e9bc8129ad7f0d81fd0e84e22bbf6 -> 
  custom:scripting/monoscript/fileName/Sampler.cs: ffc32cc417e33d78f282ab91da07e3b9 -> 
  custom:scripting/monoscript/fileName/common.cs: 910f0614e94a5348f941ea0d56b2c568 -> 2eb29bf877494e27d7b8d68303a33727
  custom:scripting/monoscript/fileName/uint2x2.gen.cs: 34db4f212de91eba69f70b6af2f41d23 -> ef58eafb69337704525106c30b2f9c86
  custom:scripting/monoscript/fileName/float3x3.gen.cs: 7de503ab17ef781383880adc785d106c -> 48f350102ac697de2455487383306e62
  custom:scripting/monoscript/fileName/float2.gen.cs: ccda4318c59b6be9ac0ec9d903bd32eb -> 6120954cdb3e1af6bb1e798ca56424e4
  custom:scripting/monoscript/fileName/NormalTextureInfo.cs: 01a9ae6529333277a7823b532beb4947 -> 
  custom:scripting/monoscript/fileName/bool3x3.gen.cs: 754b61059993a0b49e4b0f1336d4eca5 -> f3dd982fcc1d0b33ec635c43c306a1b8
  custom:scripting/monoscript/fileName/BuiltInShaderGUI.cs: 12e6eaca736a75c699b528574dce79a8 -> 
  custom:scripting/monoscript/fileName/double4x2.gen.cs: 84122ae38bb713fba1bd132464694529 -> 530f8410a1ca9a96d8c16e723573cfae
  custom:scripting/monoscript/fileName/Texture.cs: 24be8a01bc46b35c86594fb2c3cbdec9 -> 
  custom:scripting/monoscript/fileName/PrimitiveVectorDrawer.cs: 29686ab5ff7580200bc34657b1e09832 -> 3e4cc385215599322653e09117c642ee
  custom:scripting/monoscript/fileName/Node.cs: 48de5864072ce88cec19c177840b67f9 -> 06af7c961ef363c856077d151767adff
  custom:scripting/monoscript/fileName/MenuEntries.cs: a2e0c91c0d02dccfd892abf4b35a4a4b -> 
========================================================================
Received Import Request.
  Time since last request: 55658.249613 seconds.
  path: Assets/unity-chan!/Unity-chan! Model/Art/Materials/eye_L1.mat
  artifactKey: Guid(4987862c1c195e74c86994ba4bcbd812) Importer(815301076,1909f56bfc062723c751e8b465ee728b)
Start importing Assets/unity-chan!/Unity-chan! Model/Art/Materials/eye_L1.mat using Guid(4987862c1c195e74c86994ba4bcbd812) Importer(815301076,1909f56bfc062723c751e8b465ee728b)  -> (artifact id: 'b8e0763adc804c8791a44811209fe3ca') in 0.211142 seconds
Number of updated asset objects reloaded before import = 0
Number of asset objects unloaded after import = 4
========================================================================
Received Import Request.
  Time since last request: 0.000031 seconds.
  path: Assets/unity-chan!/Unity-chan! Model/Art/Materials/Right.mat
  artifactKey: Guid(88157e674d7d0314db76940c73b69405) Importer(815301076,1909f56bfc062723c751e8b465ee728b)
Start importing Assets/unity-chan!/Unity-chan! Model/Art/Materials/Right.mat using Guid(88157e674d7d0314db76940c73b69405) Importer(815301076,1909f56bfc062723c751e8b465ee728b)  -> (artifact id: 'c79740135211e0472e4777d472379e01') in 0.024318 seconds
Number of updated asset objects reloaded before import = 0
Number of asset objects unloaded after import = 1
========================================================================
Received Import Request.
  Time since last request: 0.000035 seconds.
  path: Assets/unity-chan!/Unity-chan! Model/Art/Materials/hair.mat
  artifactKey: Guid(5ebb6caef8207d243a588a574971408c) Importer(815301076,1909f56bfc062723c751e8b465ee728b)
Start importing Assets/unity-chan!/Unity-chan! Model/Art/Materials/hair.mat using Guid(5ebb6caef8207d243a588a574971408c) Importer(815301076,1909f56bfc062723c751e8b465ee728b)  -> (artifact id: 'a7bf8011ff2a40a40956706cd1cf471d') in 0.148760 seconds
Number of updated asset objects reloaded before import = 0
Number of asset objects unloaded after import = 7
Editor requested this worker to shutdown with reason: Scaling down because of idle timeout
TcpMessagingSession - receive error: operation aborted. errorcode: 995, details: The I/O operation has been aborted because of either a thread exit or an application request.
AssetImportWorker is now disconnected from the server
Process exiting
Exiting without the bug reporter. Application will terminate with return code 0