Using pre-set license
Built from '2022.3/staging' branch; Version is '2022.3.10f1 (ff3792e53c62) revision 16725906'; Using compiler version '192829333'; Build Type 'Release'
OS: 'Windows 10  (10.0.19045) 64bit Core' Language: 'tr' Physical Memory: 16128 MB
BatchMode: 1, IsHumanControllingUs: 0, StartBugReporterOnCrash: 0, Is64bit: 1, IsPro: 1

COMMAND LINE ARGUMENTS:
C:\Program Files\Unity\Hub\Editor\2022.3.10f1\Editor\Unity.exe
-adb2
-batchMode
-noUpm
-name
AssetImportWorker5
-projectPath
C:/Users/Ozan/Desktop/Bitirme/Bitirme/GameOfYOu/Gameofyou
-logFile
Logs/AssetImportWorker5.log
-srvPort
54532
Successfully changed project path to: C:/Users/Ozan/Desktop/Bitirme/Bitirme/GameOfYOu/Gameofyou
C:/Users/Ozan/Desktop/Bitirme/Bitirme/GameOfYOu/Gameofyou
[UnityMemory] Configuration Parameters - Can be set up in boot.config
    "memorysetup-bucket-allocator-granularity=16"
    "memorysetup-bucket-allocator-bucket-count=8"
    "memorysetup-bucket-allocator-block-size=33554432"
    "memorysetup-bucket-allocator-block-count=8"
    "memorysetup-main-allocator-block-size=16777216"
    "memorysetup-thread-allocator-block-size=16777216"
    "memorysetup-gfx-main-allocator-block-size=16777216"
    "memorysetup-gfx-thread-allocator-block-size=16777216"
    "memorysetup-cache-allocator-block-size=4194304"
    "memorysetup-typetree-allocator-block-size=2097152"
    "memorysetup-profiler-bucket-allocator-granularity=16"
    "memorysetup-profiler-bucket-allocator-bucket-count=8"
    "memorysetup-profiler-bucket-allocator-block-size=33554432"
    "memorysetup-profiler-bucket-allocator-block-count=8"
    "memorysetup-profiler-allocator-block-size=16777216"
    "memorysetup-profiler-editor-allocator-block-size=1048576"
    "memorysetup-temp-allocator-size-main=16777216"
    "memorysetup-job-temp-allocator-block-size=2097152"
    "memorysetup-job-temp-allocator-block-size-background=1048576"
    "memorysetup-job-temp-allocator-reduction-small-platforms=262144"
    "memorysetup-allocator-temp-initial-block-size-main=262144"
    "memorysetup-allocator-temp-initial-block-size-worker=262144"
    "memorysetup-temp-allocator-size-background-worker=32768"
    "memorysetup-temp-allocator-size-job-worker=262144"
    "memorysetup-temp-allocator-size-preload-manager=33554432"
    "memorysetup-temp-allocator-size-nav-mesh-worker=65536"
    "memorysetup-temp-allocator-size-audio-worker=65536"
    "memorysetup-temp-allocator-size-cloud-worker=32768"
    "memorysetup-temp-allocator-size-gi-baking-worker=262144"
    "memorysetup-temp-allocator-size-gfx=262144"
Player connection [9844] Host "[IP] 192.168.1.31 [Port] 0 [Flags] 2 [Guid] 3795235899 [EditorId] 3795235899 [Version] 1048832 [Id] WindowsEditor(7,DESKTOP-LH4HOT6) [Debug] 1 [PackageName] WindowsEditor [ProjectName] Editor" joined multi-casting on [225.0.0.222:54997]...

Player connection [9844] Host "[IP] 192.168.1.31 [Port] 0 [Flags] 2 [Guid] 3795235899 [EditorId] 3795235899 [Version] 1048832 [Id] WindowsEditor(7,DESKTOP-LH4HOT6) [Debug] 1 [PackageName] WindowsEditor [ProjectName] Editor" joined alternative multi-casting on [225.0.0.222:34997]...

[Physics::Module] Initialized MultithreadedJobDispatcher with 19 workers.
Refreshing native plugins compatible for Editor in 12.98 ms, found 4 plugins.
Preloading 0 native plugins for Editor in 0.00 ms.
Initialize engine version: 2022.3.10f1 (ff3792e53c62)
[Subsystems] Discovering subsystems at path C:/Program Files/Unity/Hub/Editor/2022.3.10f1/Editor/Data/Resources/UnitySubsystems
[Subsystems] Discovering subsystems at path C:/Users/Ozan/Desktop/Bitirme/Bitirme/GameOfYOu/Gameofyou/Assets
GfxDevice: creating device client; threaded=0; jobified=0
Direct3D:
    Version:  Direct3D 11.0 [level 11.1]
    Renderer: NVIDIA GeForce RTX 3060 Laptop GPU (ID=0x2520)
    Vendor:   NVIDIA
    VRAM:     6009 MB
    Driver:   31.0.15.3742
Initialize mono
Mono path[0] = 'C:/Program Files/Unity/Hub/Editor/2022.3.10f1/Editor/Data/Managed'
Mono path[1] = 'C:/Program Files/Unity/Hub/Editor/2022.3.10f1/Editor/Data/MonoBleedingEdge/lib/mono/unityjit-win32'
Mono config path = 'C:/Program Files/Unity/Hub/Editor/2022.3.10f1/Editor/Data/MonoBleedingEdge/etc'
Using monoOptions --debugger-agent=transport=dt_socket,embedding=1,server=y,suspend=n,address=127.0.0.1:56860
Begin MonoManager ReloadAssembly
Registering precompiled unity dll's ...
Register platform support module: C:/Program Files/Unity/Hub/Editor/2022.3.10f1/Editor/Data/PlaybackEngines/WebGLSupport/UnityEditor.WebGL.Extensions.dll
Register platform support module: C:/Program Files/Unity/Hub/Editor/2022.3.10f1/Editor/Data/PlaybackEngines/AndroidPlayer/UnityEditor.Android.Extensions.dll
Register platform support module: C:/Program Files/Unity/Hub/Editor/2022.3.10f1/Editor/Data/PlaybackEngines/WindowsStandaloneSupport/UnityEditor.WindowsStandalone.Extensions.dll
Registered in 0.013071 seconds.
- Loaded All Assemblies, in  0.374 seconds
Native extension for WindowsStandalone target not found
Native extension for Android target not found
Android Extension - Scanning For ADB Devices 247 ms
Native extension for WebGL target not found
Mono: successfully reloaded assembly
- Finished resetting the current domain, in  0.553 seconds
Domain Reload Profiling: 925ms
	BeginReloadAssembly (110ms)
		ExecutionOrderSort (0ms)
		DisableScriptedObjects (0ms)
		BackupInstance (0ms)
		ReleaseScriptingObjects (0ms)
		CreateAndSetChildDomain (1ms)
	RebuildCommonClasses (34ms)
	RebuildNativeTypeToScriptingClass (11ms)
	initialDomainReloadingComplete (67ms)
	LoadAllAssembliesAndSetupDomain (149ms)
		LoadAssemblies (108ms)
		RebuildTransferFunctionScriptingTraits (0ms)
		AnalyzeDomain (147ms)
			TypeCache.Refresh (145ms)
				TypeCache.ScanAssembly (132ms)
			ScanForSourceGeneratedMonoScriptInfo (0ms)
			ResolveRequiredComponents (1ms)
	FinalizeReload (554ms)
		ReleaseScriptCaches (0ms)
		RebuildScriptCaches (0ms)
		SetupLoadedEditorAssemblies (488ms)
			LogAssemblyErrors (0ms)
			InitializePlatformSupportModulesInManaged (354ms)
			SetLoadedEditorAssemblies (3ms)
			RefreshPlugins (0ms)
			BeforeProcessingInitializeOnLoad (2ms)
			ProcessInitializeOnLoadAttributes (81ms)
			ProcessInitializeOnLoadMethodAttributes (47ms)
			AfterProcessingInitializeOnLoad (0ms)
			EditorAssembliesLoaded (0ms)
		ExecutionOrderSort2 (0ms)
		AwakeInstancesAfterBackupRestoration (0ms)
========================================================================
Worker process is ready to serve import requests
Begin MonoManager ReloadAssembly
- Loaded All Assemblies, in  0.858 seconds
Refreshing native plugins compatible for Editor in 4.63 ms, found 4 plugins.
Native extension for WindowsStandalone target not found
Native extension for Android target not found
Native extension for WebGL target not found
Package Manager log level set to [2]
[Package Manager] Server::EnsureServerProcessIsRunning -- launch failed, reason: Unity was launched with the -noUpm command-line argument
[Package Manager] UpmClient::Send -- Unable to send message (not connected to UPM process).
[Package Manager] Cannot connect to Unity Package Manager local server
Mono: successfully reloaded assembly
- Finished resetting the current domain, in  0.793 seconds
Domain Reload Profiling: 1647ms
	BeginReloadAssembly (159ms)
		ExecutionOrderSort (0ms)
		DisableScriptedObjects (6ms)
		BackupInstance (0ms)
		ReleaseScriptingObjects (0ms)
		CreateAndSetChildDomain (23ms)
	RebuildCommonClasses (40ms)
	RebuildNativeTypeToScriptingClass (14ms)
	initialDomainReloadingComplete (49ms)
	LoadAllAssembliesAndSetupDomain (592ms)
		LoadAssemblies (400ms)
		RebuildTransferFunctionScriptingTraits (0ms)
		AnalyzeDomain (284ms)
			TypeCache.Refresh (242ms)
				TypeCache.ScanAssembly (219ms)
			ScanForSourceGeneratedMonoScriptInfo (29ms)
			ResolveRequiredComponents (11ms)
	FinalizeReload (794ms)
		ReleaseScriptCaches (0ms)
		RebuildScriptCaches (0ms)
		SetupLoadedEditorAssemblies (613ms)
			LogAssemblyErrors (0ms)
			InitializePlatformSupportModulesInManaged (28ms)
			SetLoadedEditorAssemblies (3ms)
			RefreshPlugins (0ms)
			BeforeProcessingInitializeOnLoad (85ms)
			ProcessInitializeOnLoadAttributes (416ms)
			ProcessInitializeOnLoadMethodAttributes (71ms)
			AfterProcessingInitializeOnLoad (9ms)
			EditorAssembliesLoaded (0ms)
		ExecutionOrderSort2 (0ms)
		AwakeInstancesAfterBackupRestoration (7ms)
Launched and connected shader compiler UnityShaderCompiler.exe after 0.04 seconds
Refreshing native plugins compatible for Editor in 2.86 ms, found 4 plugins.
Preloading 0 native plugins for Editor in 0.00 ms.
Unloading 5656 Unused Serialized files (Serialized files now loaded: 0)
Unloading 94 unused Assets / (0.8 MB). Loaded Objects now: 6150.
Memory consumption went from 211.8 MB to 211.0 MB.
Total: 3.756900 ms (FindLiveObjects: 0.372600 ms CreateObjectMapping: 0.250600 ms MarkObjects: 2.804900 ms  DeleteObjects: 0.327700 ms)

AssetImportParameters requested are different than current active one (requested -> active):
  custom:container-demuxer-ogg: 62fdf1f143b41e24485cea50d1cbac27 -> 
  custom:video-decoder-ogg-theora: a1e56fd34408186e4bbccfd4996cb3dc -> 
  custom:framework-win-MediaFoundation: 216162199b28c13a410421893ffa2e32 -> 
  custom:CustomObjectIndexerAttribute: a3ef5dd2817f97addfee359851a9dba5 -> 
  custom:container-demuxer-webm: 4f35f7cbe854078d1ac9338744f61a02 -> 
  custom:container-muxer-webm: aa71ff27fc2769a1b78a27578f13a17b -> 
  custom:video-decoder-webm-vp8: 9c59270c3fd7afecdb556c50c9e8de78 -> 
  custom:SearchIndexIgnoredProperties: e643bd26f0fe6173181afceb89e7c659 -> 
  custom:AudioImporter_EditorPlatform: d09bf68614088b80899f8185d706f6e7 -> 
  custom:video-encoder-webm-vp8: eb34c28f22e8b96e1ab97ce403110664 -> 
  custom:audio-decoder-ogg-vorbis: bf7c407c2cedff20999df2af8eb42d56 -> 
  custom:audio-encoder-webm-vorbis: bf7c407c2cedff20999df2af8eb42d56 -> 
========================================================================
Received Import Request.
  Time since last request: 1240672.642354 seconds.
  path: Assets/Characters & Stuff/Cutscene
  artifactKey: Guid(b7744f475c8135e4db38d36b82dbce4c) Importer(815301076,1909f56bfc062723c751e8b465ee728b)
Start importing Assets/Characters & Stuff/Cutscene using Guid(b7744f475c8135e4db38d36b82dbce4c) Importer(815301076,1909f56bfc062723c751e8b465ee728b)  -> (artifact id: '7e96a783b437e43f5d9893c8675895bc') in 0.003146 seconds
Number of updated asset objects reloaded before import = 0
Number of asset objects unloaded after import = 0
========================================================================
Received Import Request.
  Time since last request: 12.592839 seconds.
  path: Assets/Characters & Stuff/Cutscene/Arm Stretching.fbx
  artifactKey: Guid(20ab353084e9c2542aca7470f8d4d663) Importer(815301076,1909f56bfc062723c751e8b465ee728b)
Start importing Assets/Characters & Stuff/Cutscene/Arm Stretching.fbx using Guid(20ab353084e9c2542aca7470f8d4d663) Importer(815301076,1909f56bfc062723c751e8b465ee728b)  -> (artifact id: '4d5dce7d2be256f049e2ccaf3ed75732') in 0.042198 seconds
Number of updated asset objects reloaded before import = 0
Number of asset objects unloaded after import = 135
========================================================================
Received Import Request.
  Time since last request: 0.000018 seconds.
  path: Assets/Characters & Stuff/Cutscene/Seated Idle.fbx
  artifactKey: Guid(f69029014bfb1a149b247c0d953ff735) Importer(815301076,1909f56bfc062723c751e8b465ee728b)
Start importing Assets/Characters & Stuff/Cutscene/Seated Idle.fbx using Guid(f69029014bfb1a149b247c0d953ff735) Importer(815301076,1909f56bfc062723c751e8b465ee728b)  -> (artifact id: 'c859f1ea0349e6dcf2e44f6fc5e1523b') in 0.007313 seconds
Number of updated asset objects reloaded before import = 0
Number of asset objects unloaded after import = 135
========================================================================
Received Import Request.
  Time since last request: 0.000021 seconds.
  path: Assets/Characters & Stuff/Cutscene/Sitting.fbx
  artifactKey: Guid(c2410340b3bb1cc409f9130261c11a4f) Importer(815301076,1909f56bfc062723c751e8b465ee728b)
Start importing Assets/Characters & Stuff/Cutscene/Sitting.fbx using Guid(c2410340b3bb1cc409f9130261c11a4f) Importer(815301076,1909f56bfc062723c751e8b465ee728b)  -> (artifact id: '793cf8814b04f4ebc2eaff4f7b4ccc3a') in 0.007782 seconds
Number of updated asset objects reloaded before import = 0
Number of asset objects unloaded after import = 135
========================================================================
Received Import Request.
  Time since last request: 0.000021 seconds.
  path: Assets/Characters & Stuff/Cutscene/Standing Idle.fbx
  artifactKey: Guid(ee84bcd187d86f14a8e2400c5fca1156) Importer(815301076,1909f56bfc062723c751e8b465ee728b)
Start importing Assets/Characters & Stuff/Cutscene/Standing Idle.fbx using Guid(ee84bcd187d86f14a8e2400c5fca1156) Importer(815301076,1909f56bfc062723c751e8b465ee728b)  -> (artifact id: '469355ba2241cea4e8871abf625322b1') in 0.007245 seconds
Number of updated asset objects reloaded before import = 0
Number of asset objects unloaded after import = 135
========================================================================
Received Import Request.
  Time since last request: 0.000018 seconds.
  path: Assets/Characters & Stuff/Cutscene/Sitting Disbelief.fbx
  artifactKey: Guid(fe24553005aff57429bae11ec286211c) Importer(815301076,1909f56bfc062723c751e8b465ee728b)
Start importing Assets/Characters & Stuff/Cutscene/Sitting Disbelief.fbx using Guid(fe24553005aff57429bae11ec286211c) Importer(815301076,1909f56bfc062723c751e8b465ee728b)  -> (artifact id: '9b1753c0356c1d815e6888187f85816b') in 0.007087 seconds
Number of updated asset objects reloaded before import = 0
Number of asset objects unloaded after import = 135
========================================================================
Received Import Request.
  Time since last request: 0.000027 seconds.
  path: Assets/Characters & Stuff/Cutscene/Sit To Stand.fbx
  artifactKey: Guid(6b4b1767bf209214d8a73cc91d04c27c) Importer(815301076,1909f56bfc062723c751e8b465ee728b)
Start importing Assets/Characters & Stuff/Cutscene/Sit To Stand.fbx using Guid(6b4b1767bf209214d8a73cc91d04c27c) Importer(815301076,1909f56bfc062723c751e8b465ee728b)  -> (artifact id: '8d04b509b47b65ab7e95906ee3cbb4f6') in 0.008442 seconds
Number of updated asset objects reloaded before import = 0
Number of asset objects unloaded after import = 135
========================================================================
Received Import Request.
  Time since last request: 0.000018 seconds.
  path: Assets/Characters & Stuff/Cutscene/Typing.fbx
  artifactKey: Guid(7b63181b65341274d9d6dd15d384806d) Importer(815301076,1909f56bfc062723c751e8b465ee728b)
Start importing Assets/Characters & Stuff/Cutscene/Typing.fbx using Guid(7b63181b65341274d9d6dd15d384806d) Importer(815301076,1909f56bfc062723c751e8b465ee728b)  -> (artifact id: '2e038966ae9e2b3b51a5897abe3e5b62') in 0.008182 seconds
Number of updated asset objects reloaded before import = 0
Number of asset objects unloaded after import = 135
========================================================================
Received Import Request.
  Time since last request: 0.000024 seconds.
  path: Assets/Characters & Stuff/Cutscene/Type To Sit.fbx
  artifactKey: Guid(62abfb9c08544864d9272d9b58c545a6) Importer(815301076,1909f56bfc062723c751e8b465ee728b)
Start importing Assets/Characters & Stuff/Cutscene/Type To Sit.fbx using Guid(62abfb9c08544864d9272d9b58c545a6) Importer(815301076,1909f56bfc062723c751e8b465ee728b)  -> (artifact id: 'a3d757c37c501b782bbfb75fa4670c43') in 0.007273 seconds
Number of updated asset objects reloaded before import = 0
Number of asset objects unloaded after import = 135
========================================================================
Received Import Request.
  Time since last request: 0.000035 seconds.
  path: Assets/Characters & Stuff/Cutscene/Standard Walk.fbx
  artifactKey: Guid(a148170f5bee5794ba425796a168392d) Importer(815301076,1909f56bfc062723c751e8b465ee728b)
Start importing Assets/Characters & Stuff/Cutscene/Standard Walk.fbx using Guid(a148170f5bee5794ba425796a168392d) Importer(815301076,1909f56bfc062723c751e8b465ee728b)  -> (artifact id: 'b045adf8656666ea9fea2e8de7889892') in 0.006595 seconds
Number of updated asset objects reloaded before import = 0
Number of asset objects unloaded after import = 135
========================================================================
Received Import Request.
  Time since last request: 0.000019 seconds.
  path: Assets/Characters & Stuff/Cutscene/Yelling.fbx
  artifactKey: Guid(65cb9302a1b819e4bb2127648db182c6) Importer(815301076,1909f56bfc062723c751e8b465ee728b)
Start importing Assets/Characters & Stuff/Cutscene/Yelling.fbx using Guid(65cb9302a1b819e4bb2127648db182c6) Importer(815301076,1909f56bfc062723c751e8b465ee728b)  -> (artifact id: 'b3abc253eb787354675b7942efda3e3e') in 0.006656 seconds
Number of updated asset objects reloaded before import = 0
Number of asset objects unloaded after import = 135
========================================================================
Received Import Request.
  Time since last request: 0.000027 seconds.
  path: Assets/Characters & Stuff/Cutscene/Start Walking.fbx
  artifactKey: Guid(7321fc1af443f0e4aafe7c07cbe475ba) Importer(815301076,1909f56bfc062723c751e8b465ee728b)
Start importing Assets/Characters & Stuff/Cutscene/Start Walking.fbx using Guid(7321fc1af443f0e4aafe7c07cbe475ba) Importer(815301076,1909f56bfc062723c751e8b465ee728b)  -> (artifact id: '24424e449bfa560582ba995ebe4e0e05') in 0.006235 seconds
Number of updated asset objects reloaded before import = 0
Number of asset objects unloaded after import = 135
========================================================================
Received Import Request.
  Time since last request: 0.000027 seconds.
  path: Assets/Characters & Stuff/Cutscene/Talking On A Cell Phone.fbx
  artifactKey: Guid(c64c064a6f692f84dbf3cc2c06dda59f) Importer(815301076,1909f56bfc062723c751e8b465ee728b)
Start importing Assets/Characters & Stuff/Cutscene/Talking On A Cell Phone.fbx using Guid(c64c064a6f692f84dbf3cc2c06dda59f) Importer(815301076,1909f56bfc062723c751e8b465ee728b)  -> (artifact id: '2ebb5de50c9e57d5cfe5075419a7478b') in 0.008123 seconds
Number of updated asset objects reloaded before import = 0
Number of asset objects unloaded after import = 135
Editor requested this worker to shutdown with reason: Scaling down because of idle timeout
TcpMessagingSession - receive error: operation aborted. errorcode: 995, details: Bir iþ parçacýðý çýkýþý veya bir uygulama isteði nedeniyle G/Ç iþlemi iptal edildi.
AssetImportWorker is now disconnected from the server
Process exiting
Exiting without the bug reporter. Application will terminate with return code 0